
Showing logs for build [32mcb-kubecd-environment-pr-124-24-5j5nr-1[0m stage [32mfrom-build-pack[0m and container [32mstep-credential-initializer-l88bv[0m
{"level":"warn","ts":1578357925.0689707,"logger":"fallback-logger","caller":"logging/config.go:69","msg":"Fetch GitHub commit ID from kodata failed: \"ref: refs/heads/0.8.0-**-support-backwards-incompats\" is not a valid GitHub commit ID"}
{"level":"info","ts":1578357925.0718083,"logger":"fallback-logger","caller":"creds-init/main.go:40","msg":"Credentials initialized."}

Showing logs for build [32mcb-kubecd-environment-pr-124-24-5j5nr-1[0m stage [32mfrom-build-pack[0m and container [32mstep-working-dir-initializer-6pld4[0m
{"level":"warn","ts":1578357926.1890523,"logger":"fallback-logger","caller":"logging/config.go:69","msg":"Fetch GitHub commit ID from kodata failed: open /var/run/ko/HEAD: no such file or directory"}
{"level":"info","ts":1578357926.2010872,"logger":"fallback-logger","caller":"bash/main.go:64","msg":"Successfully executed command \"sh -c mkdir -p /workspace/source\"; output "}

Showing logs for build [32mcb-kubecd-environment-pr-124-24-5j5nr-1[0m stage [32mfrom-build-pack[0m and container [32mstep-place-tools[0m

Showing logs for build [32mcb-kubecd-environment-pr-124-24-5j5nr-1[0m stage [32mfrom-build-pack[0m and container [32mstep-git-source-cb-kubecd-environment-pr-124-24-zs26v[0m
{"level":"warn","ts":1578357932.4472063,"logger":"fallback-logger","caller":"logging/config.go:69","msg":"Fetch GitHub commit ID from kodata failed: \"ref: refs/heads/0.8.0-**-support-backwards-incompats\" is not a valid GitHub commit ID"}
{"level":"info","ts":1578357933.5786474,"logger":"fallback-logger","caller":"git/git.go:103","msg":"Successfully cloned https://github.com/cb-kubecd/environment-pr-124-24-boot-vault-gke-staging.git @ master in path /workspace/source"}

Showing logs for build [32mcb-kubecd-environment-pr-124-24-5j5nr-1[0m stage [32mfrom-build-pack[0m and container [32mstep-git-merge[0m
Using SHAs from PULL_REFS=master:849122facdc8ee16f1f853c447a75fdec62af081,1:182e166db707afba0da5c80a0ec4197ef58f6169
DEBUG: ran git fetch --unshallow origin 182e166db707afba0da5c80a0ec4197ef58f6169: 849122facdc8ee16f1f853c447a75fdec62af081: in 
DEBUG: ran git checkout master in 
DEBUG: ran git reset --hard 849122facdc8ee16f1f853c447a75fdec62af081 in 
DEBUG: ran clean --force -d . in 
DEBUG: ran git merge 182e166db707afba0da5c80a0ec4197ef58f6169 in 
Merged SHA 182e166db707afba0da5c80a0ec4197ef58f6169 with commit message 'chore: Promote bdd-spring-1578357622 to version 0.0.1' into base branch master

Showing logs for build [32mcb-kubecd-environment-pr-124-24-5j5nr-1[0m stage [32mfrom-build-pack[0m and container [32mstep-build-helm-build[0m
WARNING: No $CHART_REPOSITORY defined so using the default value of: http://jenkins-x-chartmuseum:8080
Adding missing Helm repo: storage.googleapis.com https://storage.googleapis.com/chartmuseum.jenkins-x.io
WARNING: No secrets found on "helm/repos" due: reading the secret "helm/repos" from vault: no secret "helm/repos" not found in vault
Read credentials for https://storage.googleapis.com/chartmuseum.jenkins-x.io from vault helm/repos
Successfully added Helm repository storage.googleapis.com.
Adding missing Helm repo: jenkins-x-chartmuseum http://jenkins-x-chartmuseum:8080
WARNING: No secrets found on "helm/repos" due: reading the secret "helm/repos" from vault: no secret "helm/repos" not found in vault
Read credentials for http://jenkins-x-chartmuseum:8080 from vault helm/repos
Successfully added Helm repository jenkins-x-chartmuseum.
WARNING: No $CHART_REPOSITORY defined so using the default value of: http://jenkins-x-chartmuseum:8080
Adding missing Helm repo: chartmuseum.jenkins-x.io http://chartmuseum.jenkins-x.io
WARNING: No secrets found on "helm/repos" due: reading the secret "helm/repos" from vault: no secret "helm/repos" not found in vault
Read credentials for http://chartmuseum.jenkins-x.io from vault helm/repos
Successfully added Helm repository chartmuseum.jenkins-x.io.
