
Showing logs for build [32mcb-kubecd-environment-pr-124-24-7xgbp-1[0m stage [32mfrom-build-pack[0m and container [32mstep-credential-initializer-nt6jr[0m
{"level":"warn","ts":1578359859.719275,"logger":"fallback-logger","caller":"logging/config.go:69","msg":"Fetch GitHub commit ID from kodata failed: \"ref: refs/heads/0.8.0-**-support-backwards-incompats\" is not a valid GitHub commit ID"}
{"level":"info","ts":1578359859.7198646,"logger":"fallback-logger","caller":"creds-init/main.go:40","msg":"Credentials initialized."}

Showing logs for build [32mcb-kubecd-environment-pr-124-24-7xgbp-1[0m stage [32mfrom-build-pack[0m and container [32mstep-working-dir-initializer-84nss[0m
{"level":"warn","ts":1578359861.0121427,"logger":"fallback-logger","caller":"logging/config.go:69","msg":"Fetch GitHub commit ID from kodata failed: open /var/run/ko/HEAD: no such file or directory"}
{"level":"info","ts":1578359861.0133877,"logger":"fallback-logger","caller":"bash/main.go:64","msg":"Successfully executed command \"sh -c mkdir -p /workspace/source\"; output "}

Showing logs for build [32mcb-kubecd-environment-pr-124-24-7xgbp-1[0m stage [32mfrom-build-pack[0m and container [32mstep-place-tools[0m

Showing logs for build [32mcb-kubecd-environment-pr-124-24-7xgbp-1[0m stage [32mfrom-build-pack[0m and container [32mstep-git-source-cb-kubecd-environment-pr-124-24-hgfpr[0m
{"level":"warn","ts":1578359865.083246,"logger":"fallback-logger","caller":"logging/config.go:69","msg":"Fetch GitHub commit ID from kodata failed: \"ref: refs/heads/0.8.0-**-support-backwards-incompats\" is not a valid GitHub commit ID"}
{"level":"info","ts":1578359866.2164664,"logger":"fallback-logger","caller":"git/git.go:103","msg":"Successfully cloned https://github.com/cb-kubecd/environment-pr-124-24-boot-vault-gke-staging.git @ master in path /workspace/source"}

Showing logs for build [32mcb-kubecd-environment-pr-124-24-7xgbp-1[0m stage [32mfrom-build-pack[0m and container [32mstep-git-merge[0m
Using SHAs from PULL_REFS=master:cafeb435f201fa9c5f2ee954006a37b392e8291b,2:409ca516f60e0e8f5f0c40479ad0ae684de69dbc
DEBUG: ran git fetch --unshallow origin 409ca516f60e0e8f5f0c40479ad0ae684de69dbc: cafeb435f201fa9c5f2ee954006a37b392e8291b: in 
DEBUG: ran git checkout master in 
DEBUG: ran git reset --hard cafeb435f201fa9c5f2ee954006a37b392e8291b in 
DEBUG: ran clean --force -d . in 
DEBUG: ran git merge 409ca516f60e0e8f5f0c40479ad0ae684de69dbc in 
Merged SHA 409ca516f60e0e8f5f0c40479ad0ae684de69dbc with commit message 'chore: Promote bdd-sbhg-1578359475 to version 0.0.1' into base branch master

Showing logs for build [32mcb-kubecd-environment-pr-124-24-7xgbp-1[0m stage [32mfrom-build-pack[0m and container [32mstep-build-helm-build[0m
WARNING: No $CHART_REPOSITORY defined so using the default value of: http://jenkins-x-chartmuseum:8080
Adding missing Helm repo: storage.googleapis.com https://storage.googleapis.com/chartmuseum.jenkins-x.io
WARNING: No secrets found on "helm/repos" due: reading the secret "helm/repos" from vault: no secret "helm/repos" not found in vault
Read credentials for https://storage.googleapis.com/chartmuseum.jenkins-x.io from vault helm/repos
Successfully added Helm repository storage.googleapis.com.
Adding missing Helm repo: jenkins-x-chartmuseum http://jenkins-x-chartmuseum:8080
WARNING: No secrets found on "helm/repos" due: reading the secret "helm/repos" from vault: no secret "helm/repos" not found in vault
Read credentials for http://jenkins-x-chartmuseum:8080 from vault helm/repos
Successfully added Helm repository jenkins-x-chartmuseum.
WARNING: No $CHART_REPOSITORY defined so using the default value of: http://jenkins-x-chartmuseum:8080
Adding missing Helm repo: chartmuseum.jenkins-x.io http://chartmuseum.jenkins-x.io
WARNING: No secrets found on "helm/repos" due: reading the secret "helm/repos" from vault: no secret "helm/repos" not found in vault
Read credentials for http://chartmuseum.jenkins-x.io from vault helm/repos
Successfully added Helm repository chartmuseum.jenkins-x.io.
