
Showing logs for build [32mcb-kubecd-environment-pr-124-24-snl8g-1[0m stage [32mfrom-build-pack[0m and container [32mstep-credential-initializer-vw8hr[0m
{"level":"warn","ts":1578361030.3387434,"logger":"fallback-logger","caller":"logging/config.go:69","msg":"Fetch GitHub commit ID from kodata failed: \"ref: refs/heads/0.8.0-**-support-backwards-incompats\" is not a valid GitHub commit ID"}
{"level":"info","ts":1578361030.3395438,"logger":"fallback-logger","caller":"creds-init/main.go:40","msg":"Credentials initialized."}

Showing logs for build [32mcb-kubecd-environment-pr-124-24-snl8g-1[0m stage [32mfrom-build-pack[0m and container [32mstep-working-dir-initializer-p2r7r[0m
{"level":"warn","ts":1578361031.7523613,"logger":"fallback-logger","caller":"logging/config.go:69","msg":"Fetch GitHub commit ID from kodata failed: open /var/run/ko/HEAD: no such file or directory"}
{"level":"info","ts":1578361031.76294,"logger":"fallback-logger","caller":"bash/main.go:64","msg":"Successfully executed command \"sh -c mkdir -p /workspace/source\"; output "}

Showing logs for build [32mcb-kubecd-environment-pr-124-24-snl8g-1[0m stage [32mfrom-build-pack[0m and container [32mstep-place-tools[0m

Showing logs for build [32mcb-kubecd-environment-pr-124-24-snl8g-1[0m stage [32mfrom-build-pack[0m and container [32mstep-git-source-cb-kubecd-environment-pr-124-24-r254x[0m
{"level":"warn","ts":1578361034.8335881,"logger":"fallback-logger","caller":"logging/config.go:69","msg":"Fetch GitHub commit ID from kodata failed: \"ref: refs/heads/0.8.0-**-support-backwards-incompats\" is not a valid GitHub commit ID"}
{"level":"info","ts":1578361035.9516056,"logger":"fallback-logger","caller":"git/git.go:103","msg":"Successfully cloned https://github.com/cb-kubecd/environment-pr-124-24-boot-vault-gke-staging.git @ master in path /workspace/source"}

Showing logs for build [32mcb-kubecd-environment-pr-124-24-snl8g-1[0m stage [32mfrom-build-pack[0m and container [32mstep-git-merge[0m
Using SHAs from PULL_REFS=master:e167b9d8cc5fc2b6f98783bef1ebd4f2d9ae64de,3:daa9396df448452c2bcd6f0a3379311e72eee8a5
DEBUG: ran git fetch --unshallow origin daa9396df448452c2bcd6f0a3379311e72eee8a5: e167b9d8cc5fc2b6f98783bef1ebd4f2d9ae64de: in 
DEBUG: ran git checkout master in 
DEBUG: ran git reset --hard e167b9d8cc5fc2b6f98783bef1ebd4f2d9ae64de in 
DEBUG: ran clean --force -d . in 
DEBUG: ran git merge daa9396df448452c2bcd6f0a3379311e72eee8a5 in 
Merged SHA daa9396df448452c2bcd6f0a3379311e72eee8a5 with commit message 'chore: Promote bdd-gh-1578359475 to version 0.0.1' into base branch master

Showing logs for build [32mcb-kubecd-environment-pr-124-24-snl8g-1[0m stage [32mfrom-build-pack[0m and container [32mstep-build-helm-build[0m
WARNING: No $CHART_REPOSITORY defined so using the default value of: http://jenkins-x-chartmuseum:8080
Adding missing Helm repo: storage.googleapis.com https://storage.googleapis.com/chartmuseum.jenkins-x.io
WARNING: No secrets found on "helm/repos" due: reading the secret "helm/repos" from vault: no secret "helm/repos" not found in vault
Read credentials for https://storage.googleapis.com/chartmuseum.jenkins-x.io from vault helm/repos
Successfully added Helm repository storage.googleapis.com.
Adding missing Helm repo: jenkins-x-chartmuseum http://jenkins-x-chartmuseum:8080
WARNING: No secrets found on "helm/repos" due: reading the secret "helm/repos" from vault: no secret "helm/repos" not found in vault
Read credentials for http://jenkins-x-chartmuseum:8080 from vault helm/repos
Successfully added Helm repository jenkins-x-chartmuseum.
WARNING: No $CHART_REPOSITORY defined so using the default value of: http://jenkins-x-chartmuseum:8080
Adding missing Helm repo: chartmuseum.jenkins-x.io http://chartmuseum.jenkins-x.io
WARNING: No secrets found on "helm/repos" due: reading the secret "helm/repos" from vault: no secret "helm/repos" not found in vault
Read credentials for http://chartmuseum.jenkins-x.io from vault helm/repos
Successfully added Helm repository chartmuseum.jenkins-x.io.
