
Showing logs for build [32mcb-kubecd-environment-pr-124-24-nhbk5-1[0m stage [32mfrom-build-pack[0m and container [32mstep-credential-initializer-2jssg[0m
{"level":"warn","ts":1578362225.3443837,"logger":"fallback-logger","caller":"logging/config.go:69","msg":"Fetch GitHub commit ID from kodata failed: \"ref: refs/heads/0.8.0-**-support-backwards-incompats\" is not a valid GitHub commit ID"}
{"level":"info","ts":1578362225.3456821,"logger":"fallback-logger","caller":"creds-init/main.go:40","msg":"Credentials initialized."}

Showing logs for build [32mcb-kubecd-environment-pr-124-24-nhbk5-1[0m stage [32mfrom-build-pack[0m and container [32mstep-working-dir-initializer-fp9cn[0m
{"level":"warn","ts":1578362226.7218878,"logger":"fallback-logger","caller":"logging/config.go:69","msg":"Fetch GitHub commit ID from kodata failed: open /var/run/ko/HEAD: no such file or directory"}
{"level":"info","ts":1578362226.7239416,"logger":"fallback-logger","caller":"bash/main.go:64","msg":"Successfully executed command \"sh -c mkdir -p /workspace/source\"; output "}

Showing logs for build [32mcb-kubecd-environment-pr-124-24-nhbk5-1[0m stage [32mfrom-build-pack[0m and container [32mstep-place-tools[0m

Showing logs for build [32mcb-kubecd-environment-pr-124-24-nhbk5-1[0m stage [32mfrom-build-pack[0m and container [32mstep-git-source-cb-kubecd-environment-pr-124-24-mscvm[0m
{"level":"warn","ts":1578362229.9122267,"logger":"fallback-logger","caller":"logging/config.go:69","msg":"Fetch GitHub commit ID from kodata failed: \"ref: refs/heads/0.8.0-**-support-backwards-incompats\" is not a valid GitHub commit ID"}
{"level":"info","ts":1578362231.073441,"logger":"fallback-logger","caller":"git/git.go:103","msg":"Successfully cloned https://github.com/cb-kubecd/environment-pr-124-24-boot-vault-gke-staging.git @ master in path /workspace/source"}

Showing logs for build [32mcb-kubecd-environment-pr-124-24-nhbk5-1[0m stage [32mfrom-build-pack[0m and container [32mstep-git-merge[0m
Using SHAs from PULL_REFS=master:18bb802134f2848a8034f4ab2e7fe19a2a49d99e,4:c0adeee07e51e5cf2dd3e12d99047ec9c8bdaec2
DEBUG: ran git fetch --unshallow origin c0adeee07e51e5cf2dd3e12d99047ec9c8bdaec2: 18bb802134f2848a8034f4ab2e7fe19a2a49d99e: in 
DEBUG: ran git checkout master in 
DEBUG: ran git reset --hard 18bb802134f2848a8034f4ab2e7fe19a2a49d99e in 
DEBUG: ran clean --force -d . in 
DEBUG: ran git merge c0adeee07e51e5cf2dd3e12d99047ec9c8bdaec2 in 
Merged SHA c0adeee07e51e5cf2dd3e12d99047ec9c8bdaec2 with commit message 'chore: Promote bdd-nh-1578359475 to version 0.0.1' into base branch master

Showing logs for build [32mcb-kubecd-environment-pr-124-24-nhbk5-1[0m stage [32mfrom-build-pack[0m and container [32mstep-build-helm-build[0m
WARNING: No $CHART_REPOSITORY defined so using the default value of: http://jenkins-x-chartmuseum:8080
Adding missing Helm repo: storage.googleapis.com https://storage.googleapis.com/chartmuseum.jenkins-x.io
WARNING: No secrets found on "helm/repos" due: reading the secret "helm/repos" from vault: no secret "helm/repos" not found in vault
Read credentials for https://storage.googleapis.com/chartmuseum.jenkins-x.io from vault helm/repos
Successfully added Helm repository storage.googleapis.com.
Adding missing Helm repo: jenkins-x-chartmuseum http://jenkins-x-chartmuseum:8080
WARNING: No secrets found on "helm/repos" due: reading the secret "helm/repos" from vault: no secret "helm/repos" not found in vault
Read credentials for http://jenkins-x-chartmuseum:8080 from vault helm/repos
Successfully added Helm repository jenkins-x-chartmuseum.
WARNING: No $CHART_REPOSITORY defined so using the default value of: http://jenkins-x-chartmuseum:8080
Adding missing Helm repo: chartmuseum.jenkins-x.io http://chartmuseum.jenkins-x.io
WARNING: No secrets found on "helm/repos" due: reading the secret "helm/repos" from vault: no secret "helm/repos" not found in vault
Read credentials for http://chartmuseum.jenkins-x.io from vault helm/repos
Successfully added Helm repository chartmuseum.jenkins-x.io.
